<?xml version="1.0" encoding="UTF-8"?>
<coverage generated="1664358185976" clover="3.2.0">
  <project timestamp="1664358185977" name="All files">
    <metrics statements="5" coveredstatements="5" conditionals="6" coveredconditionals="6" methods="1" coveredmethods="1" elements="12" coveredelements="12" complexity="0" loc="5" ncloc="5" packages="1" files="1" classes="1"/>
    <file name="NUMBER-01.js" path="C:\Users\Admin\Desktop\OneDrive\CodeItems\2_FullStack\3_JavaScript\javascript-course-pdfs\11_Pratice\Practice_Solution\1_NUMBER\NUMBER-01.js">
      <metrics statements="5" coveredstatements="5" conditionals="6" coveredconditionals="6" methods="1" coveredmethods="1"/>
      <line num="2" count="14" type="cond" truecount="4" falsecount="0"/>
      <line num="3" count="3" type="stmt"/>
      <line num="4" count="3" type="stmt"/>
      <line num="5" count="6" type="cond" truecount="2" falsecount="0"/>
      <line num="7" count="1" type="stmt"/>
    </file>
  </project>
</coverage>
