{"C:\\Users\\Admin\\Desktop\\OneDrive\\CodeItems\\2_FullStack\\3_JavaScript\\javascript-course-pdfs\\11_Pratice\\Practice_Solution\\1_NUMBER\\NUMBER-01.js": {"path":"C:\\Users\\Admin\\Desktop\\OneDrive\\CodeItems\\2_FullStack\\3_JavaScript\\javascript-course-pdfs\\11_Pratice\\Practice_Solution\\1_NUMBER\\NUMBER-01.js","statementMap":{"0":{"start":{"line":2,"column":2},"end":{"line":2,"column":43}},"1":{"start":{"line":2,"column":30},"end":{"line":2,"column":43}},"2":{"start":{"line":3,"column":16},"end":{"line":3,"column":38}},"3":{"start":{"line":4,"column":2},"end":{"line":6,"column":3}},"4":{"start":{"line":4,"column":15},"end":{"line":4,"column":16}},"5":{"start":{"line":5,"column":4},"end":{"line":5,"column":47}},"6":{"start":{"line":5,"column":34},"end":{"line":5,"column":47}},"7":{"start":{"line":7,"column":2},"end":{"line":7,"column":14}}},"fnMap":{"0":{"name":"isIncreasingNumber","decl":{"start":{"line":1,"column":16},"end":{"line":1,"column":34}},"loc":{"start":{"line":1,"column":38},"end":{"line":8,"column":1}},"line":1}},"branchMap":{"0":{"loc":{"start":{"line":2,"column":2},"end":{"line":2,"column":43}},"type":"if","locations":[{"start":{"line":2,"column":2},"end":{"line":2,"column":43}},{"start":{},"end":{}}],"line":2},"1":{"loc":{"start":{"line":2,"column":6},"end":{"line":2,"column":28}},"type":"binary-expr","locations":[{"start":{"line":2,"column":6},"end":{"line":2,"column":12}},{"start":{"line":2,"column":16},"end":{"line":2,"column":28}}],"line":2},"2":{"loc":{"start":{"line":5,"column":4},"end":{"line":5,"column":47}},"type":"if","locations":[{"start":{"line":5,"column":4},"end":{"line":5,"column":47}},{"start":{},"end":{}}],"line":5}},"s":{"0":14,"1":11,"2":3,"3":3,"4":3,"5":6,"6":2,"7":1},"f":{"0":14},"b":{"0":[11,3],"1":[14,4],"2":[2,4]},"_coverageSchema":"1a1c01bbd47fc00a2c39e90264f33305004495a9","hash":"41c097fe2441ea3469c55696235a660b8ca192bb"}
}
