{"C:\\Users\\Admin\\Desktop\\OneDrive\\CodeItems\\2_FullStack\\3_JavaScript\\javascript-course-pdfs\\11_Pratice\\Practice_Solution\\1_NUMBER\\NUMBER-01.js": {"path":"C:\\Users\\Admin\\Desktop\\OneDrive\\CodeItems\\2_FullStack\\3_JavaScript\\javascript-course-pdfs\\11_Pratice\\Practice_Solution\\1_NUMBER\\NUMBER-01.js","statementMap":{"0":{"start":{"line":2,"column":2},"end":{"line":2,"column":43}},"1":{"start":{"line":2,"column":30},"end":{"line":2,"column":43}},"2":{"start":{"line":3,"column":16},"end":{"line":3,"column":38}},"3":{"start":{"line":4,"column":2},"end":{"line":6,"column":3}},"4":{"start":{"line":4,"column":15},"end":{"line":4,"column":16}},"5":{"start":{"line":5,"column":4},"end":{"line":5,"column":47}},"6":{"start":{"line":5,"column":34},"end":{"line":5,"column":47}},"7":{"start":{"line":7,"column":2},"end":{"line":7,"column":14}},"8":{"start":{"line":11,"column":2},"end":{"line":11,"column":43}},"9":{"start":{"line":11,"column":30},"end":{"line":11,"column":43}},"10":{"start":{"line":12,"column":2},"end":{"line":16,"column":3}},"11":{"start":{"line":13,"column":27},"end":{"line":13,"column":33}},"12":{"start":{"line":14,"column":4},"end":{"line":14,"column":27}},"13":{"start":{"line":15,"column":4},"end":{"line":15,"column":49}},"14":{"start":{"line":15,"column":36},"end":{"line":15,"column":49}},"15":{"start":{"line":17,"column":2},"end":{"line":17,"column":14}}},"fnMap":{"0":{"name":"isIncreasingNumberV1","decl":{"start":{"line":1,"column":16},"end":{"line":1,"column":36}},"loc":{"start":{"line":1,"column":40},"end":{"line":8,"column":1}},"line":1},"1":{"name":"isIncreasingNumberV2","decl":{"start":{"line":10,"column":16},"end":{"line":10,"column":36}},"loc":{"start":{"line":10,"column":40},"end":{"line":18,"column":1}},"line":10}},"branchMap":{"0":{"loc":{"start":{"line":2,"column":2},"end":{"line":2,"column":43}},"type":"if","locations":[{"start":{"line":2,"column":2},"end":{"line":2,"column":43}},{"start":{},"end":{}}],"line":2},"1":{"loc":{"start":{"line":2,"column":6},"end":{"line":2,"column":28}},"type":"binary-expr","locations":[{"start":{"line":2,"column":6},"end":{"line":2,"column":12}},{"start":{"line":2,"column":16},"end":{"line":2,"column":28}}],"line":2},"2":{"loc":{"start":{"line":5,"column":4},"end":{"line":5,"column":47}},"type":"if","locations":[{"start":{"line":5,"column":4},"end":{"line":5,"column":47}},{"start":{},"end":{}}],"line":5},"3":{"loc":{"start":{"line":11,"column":2},"end":{"line":11,"column":43}},"type":"if","locations":[{"start":{"line":11,"column":2},"end":{"line":11,"column":43}},{"start":{},"end":{}}],"line":11},"4":{"loc":{"start":{"line":11,"column":6},"end":{"line":11,"column":28}},"type":"binary-expr","locations":[{"start":{"line":11,"column":6},"end":{"line":11,"column":12}},{"start":{"line":11,"column":16},"end":{"line":11,"column":28}}],"line":11},"5":{"loc":{"start":{"line":15,"column":4},"end":{"line":15,"column":49}},"type":"if","locations":[{"start":{"line":15,"column":4},"end":{"line":15,"column":49}},{"start":{},"end":{}}],"line":15}},"s":{"0":15,"1":11,"2":4,"3":4,"4":4,"5":7,"6":3,"7":1,"8":15,"9":11,"10":4,"11":8,"12":8,"13":8,"14":3,"15":1},"f":{"0":15,"1":15},"b":{"0":[11,4],"1":[15,5],"2":[3,4],"3":[11,4],"4":[15,5],"5":[3,5]},"_coverageSchema":"1a1c01bbd47fc00a2c39e90264f33305004495a9","hash":"9a594074f08b24b744791f4ed082dea8930c94b4"}
,"C:\\Users\\Admin\\Desktop\\OneDrive\\CodeItems\\2_FullStack\\3_JavaScript\\javascript-course-pdfs\\11_Pratice\\Practice_Solution\\1_NUMBER\\NUMBER-02.js": {"path":"C:\\Users\\Admin\\Desktop\\OneDrive\\CodeItems\\2_FullStack\\3_JavaScript\\javascript-course-pdfs\\11_Pratice\\Practice_Solution\\1_NUMBER\\NUMBER-02.js","statementMap":{"0":{"start":{"line":2,"column":2},"end":{"line":2,"column":43}},"1":{"start":{"line":2,"column":30},"end":{"line":2,"column":43}},"2":{"start":{"line":3,"column":16},"end":{"line":3,"column":38}},"3":{"start":{"line":4,"column":2},"end":{"line":6,"column":3}},"4":{"start":{"line":4,"column":15},"end":{"line":4,"column":16}},"5":{"start":{"line":5,"column":4},"end":{"line":5,"column":47}},"6":{"start":{"line":5,"column":34},"end":{"line":5,"column":47}},"7":{"start":{"line":7,"column":2},"end":{"line":7,"column":14}},"8":{"start":{"line":11,"column":2},"end":{"line":11,"column":43}},"9":{"start":{"line":11,"column":30},"end":{"line":11,"column":43}},"10":{"start":{"line":12,"column":2},"end":{"line":16,"column":3}},"11":{"start":{"line":13,"column":27},"end":{"line":13,"column":33}},"12":{"start":{"line":14,"column":4},"end":{"line":14,"column":27}},"13":{"start":{"line":15,"column":4},"end":{"line":15,"column":49}},"14":{"start":{"line":15,"column":36},"end":{"line":15,"column":49}},"15":{"start":{"line":17,"column":2},"end":{"line":17,"column":14}}},"fnMap":{"0":{"name":"isDecreasingNumberV1","decl":{"start":{"line":1,"column":16},"end":{"line":1,"column":36}},"loc":{"start":{"line":1,"column":40},"end":{"line":8,"column":1}},"line":1},"1":{"name":"isDecreasingNumberV2","decl":{"start":{"line":10,"column":16},"end":{"line":10,"column":36}},"loc":{"start":{"line":10,"column":40},"end":{"line":18,"column":1}},"line":10}},"branchMap":{"0":{"loc":{"start":{"line":2,"column":2},"end":{"line":2,"column":43}},"type":"if","locations":[{"start":{"line":2,"column":2},"end":{"line":2,"column":43}},{"start":{},"end":{}}],"line":2},"1":{"loc":{"start":{"line":2,"column":6},"end":{"line":2,"column":28}},"type":"binary-expr","locations":[{"start":{"line":2,"column":6},"end":{"line":2,"column":12}},{"start":{"line":2,"column":16},"end":{"line":2,"column":28}}],"line":2},"2":{"loc":{"start":{"line":5,"column":4},"end":{"line":5,"column":47}},"type":"if","locations":[{"start":{"line":5,"column":4},"end":{"line":5,"column":47}},{"start":{},"end":{}}],"line":5},"3":{"loc":{"start":{"line":11,"column":2},"end":{"line":11,"column":43}},"type":"if","locations":[{"start":{"line":11,"column":2},"end":{"line":11,"column":43}},{"start":{},"end":{}}],"line":11},"4":{"loc":{"start":{"line":11,"column":6},"end":{"line":11,"column":28}},"type":"binary-expr","locations":[{"start":{"line":11,"column":6},"end":{"line":11,"column":12}},{"start":{"line":11,"column":16},"end":{"line":11,"column":28}}],"line":11},"5":{"loc":{"start":{"line":15,"column":4},"end":{"line":15,"column":49}},"type":"if","locations":[{"start":{"line":15,"column":4},"end":{"line":15,"column":49}},{"start":{},"end":{}}],"line":15}},"s":{"0":15,"1":11,"2":4,"3":4,"4":4,"5":10,"6":3,"7":1,"8":16,"9":11,"10":5,"11":13,"12":13,"13":13,"14":3,"15":2},"f":{"0":15,"1":16},"b":{"0":[11,4],"1":[15,5],"2":[3,7],"3":[11,5],"4":[16,6],"5":[3,10]},"_coverageSchema":"1a1c01bbd47fc00a2c39e90264f33305004495a9","hash":"476030876db1d800e8a69d0e3407ac93ad993dd3"}
,"C:\\Users\\Admin\\Desktop\\OneDrive\\CodeItems\\2_FullStack\\3_JavaScript\\javascript-course-pdfs\\11_Pratice\\Practice_Solution\\1_NUMBER\\NUMBER-03.js": {"path":"C:\\Users\\Admin\\Desktop\\OneDrive\\CodeItems\\2_FullStack\\3_JavaScript\\javascript-course-pdfs\\11_Pratice\\Practice_Solution\\1_NUMBER\\NUMBER-03.js","statementMap":{"0":{"start":{"line":2,"column":2},"end":{"line":2,"column":77}},"1":{"start":{"line":2,"column":64},"end":{"line":2,"column":77}},"2":{"start":{"line":3,"column":16},"end":{"line":3,"column":38}},"3":{"start":{"line":4,"column":2},"end":{"line":6,"column":3}},"4":{"start":{"line":4,"column":15},"end":{"line":4,"column":16}},"5":{"start":{"line":5,"column":4},"end":{"line":5,"column":59}},"6":{"start":{"line":5,"column":46},"end":{"line":5,"column":59}},"7":{"start":{"line":7,"column":2},"end":{"line":7,"column":14}},"8":{"start":{"line":11,"column":2},"end":{"line":11,"column":77}},"9":{"start":{"line":11,"column":64},"end":{"line":11,"column":77}},"10":{"start":{"line":12,"column":2},"end":{"line":16,"column":3}},"11":{"start":{"line":13,"column":27},"end":{"line":13,"column":33}},"12":{"start":{"line":14,"column":4},"end":{"line":14,"column":27}},"13":{"start":{"line":15,"column":4},"end":{"line":15,"column":63}},"14":{"start":{"line":15,"column":50},"end":{"line":15,"column":63}},"15":{"start":{"line":17,"column":2},"end":{"line":17,"column":14}}},"fnMap":{"0":{"name":"isIncreasingNumberByDistanceV1","decl":{"start":{"line":1,"column":16},"end":{"line":1,"column":46}},"loc":{"start":{"line":1,"column":60},"end":{"line":8,"column":1}},"line":1},"1":{"name":"isIncreasingNumberByDistanceV2","decl":{"start":{"line":10,"column":16},"end":{"line":10,"column":46}},"loc":{"start":{"line":10,"column":60},"end":{"line":18,"column":1}},"line":10}},"branchMap":{"0":{"loc":{"start":{"line":2,"column":2},"end":{"line":2,"column":77}},"type":"if","locations":[{"start":{"line":2,"column":2},"end":{"line":2,"column":77}},{"start":{},"end":{}}],"line":2},"1":{"loc":{"start":{"line":2,"column":6},"end":{"line":2,"column":62}},"type":"binary-expr","locations":[{"start":{"line":2,"column":6},"end":{"line":2,"column":12}},{"start":{"line":2,"column":16},"end":{"line":2,"column":28}},{"start":{"line":2,"column":32},"end":{"line":2,"column":45}},{"start":{"line":2,"column":49},"end":{"line":2,"column":62}}],"line":2},"2":{"loc":{"start":{"line":5,"column":4},"end":{"line":5,"column":59}},"type":"if","locations":[{"start":{"line":5,"column":4},"end":{"line":5,"column":59}},{"start":{},"end":{}}],"line":5},"3":{"loc":{"start":{"line":11,"column":2},"end":{"line":11,"column":77}},"type":"if","locations":[{"start":{"line":11,"column":2},"end":{"line":11,"column":77}},{"start":{},"end":{}}],"line":11},"4":{"loc":{"start":{"line":11,"column":6},"end":{"line":11,"column":62}},"type":"binary-expr","locations":[{"start":{"line":11,"column":6},"end":{"line":11,"column":12}},{"start":{"line":11,"column":16},"end":{"line":11,"column":28}},{"start":{"line":11,"column":32},"end":{"line":11,"column":45}},{"start":{"line":11,"column":49},"end":{"line":11,"column":62}}],"line":11},"5":{"loc":{"start":{"line":15,"column":4},"end":{"line":15,"column":63}},"type":"if","locations":[{"start":{"line":15,"column":4},"end":{"line":15,"column":63}},{"start":{},"end":{}}],"line":15}},"s":{"0":17,"1":13,"2":4,"3":4,"4":4,"5":9,"6":3,"7":1,"8":17,"9":13,"10":4,"11":7,"12":7,"13":7,"14":3,"15":1},"f":{"0":17,"1":17},"b":{"0":[13,4],"1":[17,7,6,5],"2":[3,6],"3":[13,4],"4":[17,7,6,5],"5":[3,4]},"_coverageSchema":"1a1c01bbd47fc00a2c39e90264f33305004495a9","hash":"e8b767aa0b7f0237674f7938025016ce3775a4f4"}
,"C:\\Users\\Admin\\Desktop\\OneDrive\\CodeItems\\2_FullStack\\3_JavaScript\\javascript-course-pdfs\\11_Pratice\\Practice_Solution\\1_NUMBER\\NUMBER-04.js": {"path":"C:\\Users\\Admin\\Desktop\\OneDrive\\CodeItems\\2_FullStack\\3_JavaScript\\javascript-course-pdfs\\11_Pratice\\Practice_Solution\\1_NUMBER\\NUMBER-04.js","statementMap":{"0":{"start":{"line":2,"column":2},"end":{"line":2,"column":43}},"1":{"start":{"line":2,"column":30},"end":{"line":2,"column":43}},"2":{"start":{"line":3,"column":2},"end":{"line":3,"column":26}},"3":{"start":{"line":3,"column":13},"end":{"line":3,"column":26}},"4":{"start":{"line":4,"column":2},"end":{"line":6,"column":3}},"5":{"start":{"line":4,"column":15},"end":{"line":4,"column":16}},"6":{"start":{"line":5,"column":4},"end":{"line":5,"column":34}},"7":{"start":{"line":5,"column":21},"end":{"line":5,"column":34}},"8":{"start":{"line":7,"column":2},"end":{"line":7,"column":14}},"9":{"start":{"line":11,"column":2},"end":{"line":11,"column":43}},"10":{"start":{"line":11,"column":30},"end":{"line":11,"column":43}},"11":{"start":{"line":12,"column":2},"end":{"line":13,"column":52}},"12":{"start":{"line":12,"column":14},"end":{"line":12,"column":27}},"13":{"start":{"line":13,"column":7},"end":{"line":13,"column":52}},"14":{"start":{"line":13,"column":39},"end":{"line":13,"column":52}},"15":{"start":{"line":14,"column":10},"end":{"line":14,"column":11}},"16":{"start":{"line":15,"column":2},"end":{"line":18,"column":3}},"17":{"start":{"line":16,"column":4},"end":{"line":16,"column":55}},"18":{"start":{"line":16,"column":42},"end":{"line":16,"column":55}},"19":{"start":{"line":17,"column":4},"end":{"line":17,"column":14}},"20":{"start":{"line":19,"column":2},"end":{"line":19,"column":14}}},"fnMap":{"0":{"name":"isPrimeV1","decl":{"start":{"line":1,"column":16},"end":{"line":1,"column":25}},"loc":{"start":{"line":1,"column":29},"end":{"line":8,"column":1}},"line":1},"1":{"name":"isPrimeV2","decl":{"start":{"line":10,"column":16},"end":{"line":10,"column":25}},"loc":{"start":{"line":10,"column":29},"end":{"line":20,"column":1}},"line":10}},"branchMap":{"0":{"loc":{"start":{"line":2,"column":2},"end":{"line":2,"column":43}},"type":"if","locations":[{"start":{"line":2,"column":2},"end":{"line":2,"column":43}},{"start":{},"end":{}}],"line":2},"1":{"loc":{"start":{"line":2,"column":6},"end":{"line":2,"column":28}},"type":"binary-expr","locations":[{"start":{"line":2,"column":6},"end":{"line":2,"column":12}},{"start":{"line":2,"column":16},"end":{"line":2,"column":28}}],"line":2},"2":{"loc":{"start":{"line":3,"column":2},"end":{"line":3,"column":26}},"type":"if","locations":[{"start":{"line":3,"column":2},"end":{"line":3,"column":26}},{"start":{},"end":{}}],"line":3},"3":{"loc":{"start":{"line":5,"column":4},"end":{"line":5,"column":34}},"type":"if","locations":[{"start":{"line":5,"column":4},"end":{"line":5,"column":34}},{"start":{},"end":{}}],"line":5},"4":{"loc":{"start":{"line":11,"column":2},"end":{"line":11,"column":43}},"type":"if","locations":[{"start":{"line":11,"column":2},"end":{"line":11,"column":43}},{"start":{},"end":{}}],"line":11},"5":{"loc":{"start":{"line":11,"column":6},"end":{"line":11,"column":28}},"type":"binary-expr","locations":[{"start":{"line":11,"column":6},"end":{"line":11,"column":12}},{"start":{"line":11,"column":16},"end":{"line":11,"column":28}}],"line":11},"6":{"loc":{"start":{"line":12,"column":2},"end":{"line":13,"column":52}},"type":"if","locations":[{"start":{"line":12,"column":2},"end":{"line":13,"column":52}},{"start":{"line":13,"column":7},"end":{"line":13,"column":52}}],"line":12},"7":{"loc":{"start":{"line":13,"column":7},"end":{"line":13,"column":52}},"type":"if","locations":[{"start":{"line":13,"column":7},"end":{"line":13,"column":52}},{"start":{},"end":{}}],"line":13},"8":{"loc":{"start":{"line":13,"column":11},"end":{"line":13,"column":37}},"type":"binary-expr","locations":[{"start":{"line":13,"column":11},"end":{"line":13,"column":22}},{"start":{"line":13,"column":26},"end":{"line":13,"column":37}}],"line":13},"9":{"loc":{"start":{"line":16,"column":4},"end":{"line":16,"column":55}},"type":"if","locations":[{"start":{"line":16,"column":4},"end":{"line":16,"column":55}},{"start":{},"end":{}}],"line":16},"10":{"loc":{"start":{"line":16,"column":8},"end":{"line":16,"column":40}},"type":"binary-expr","locations":[{"start":{"line":16,"column":8},"end":{"line":16,"column":19}},{"start":{"line":16,"column":23},"end":{"line":16,"column":40}}],"line":16}},"s":{"0":7,"1":2,"2":5,"3":1,"4":4,"5":4,"6":8,"7":2,"8":2,"9":12,"10":2,"11":10,"12":3,"13":7,"14":4,"15":3,"16":3,"17":2,"18":0,"19":2,"20":3},"f":{"0":7,"1":12},"b":{"0":[2,5],"1":[7,6],"2":[1,4],"3":[2,6],"4":[2,10],"5":[12,11],"6":[3,7],"7":[4,3],"8":[7,4],"9":[0,2],"10":[2,2]},"_coverageSchema":"1a1c01bbd47fc00a2c39e90264f33305004495a9","hash":"881b4836fc020b9de6b4c7fbaffaff779792d6e2"}
,"C:\\Users\\Admin\\Desktop\\OneDrive\\CodeItems\\2_FullStack\\3_JavaScript\\javascript-course-pdfs\\11_Pratice\\Practice_Solution\\1_NUMBER\\NUMBER-05.js": {"path":"C:\\Users\\Admin\\Desktop\\OneDrive\\CodeItems\\2_FullStack\\3_JavaScript\\javascript-course-pdfs\\11_Pratice\\Practice_Solution\\1_NUMBER\\NUMBER-05.js","statementMap":{"0":{"start":{"line":2,"column":2},"end":{"line":2,"column":43}},"1":{"start":{"line":2,"column":30},"end":{"line":2,"column":43}},"2":{"start":{"line":3,"column":2},"end":{"line":3,"column":67}}},"fnMap":{"0":{"name":"isPerfectSquareV1","decl":{"start":{"line":1,"column":16},"end":{"line":1,"column":33}},"loc":{"start":{"line":1,"column":37},"end":{"line":4,"column":1}},"line":1}},"branchMap":{"0":{"loc":{"start":{"line":2,"column":2},"end":{"line":2,"column":43}},"type":"if","locations":[{"start":{"line":2,"column":2},"end":{"line":2,"column":43}},{"start":{},"end":{}}],"line":2},"1":{"loc":{"start":{"line":2,"column":6},"end":{"line":2,"column":28}},"type":"binary-expr","locations":[{"start":{"line":2,"column":6},"end":{"line":2,"column":12}},{"start":{"line":2,"column":16},"end":{"line":2,"column":28}}],"line":2}},"s":{"0":12,"1":3,"2":9},"f":{"0":12},"b":{"0":[3,9],"1":[12,10]},"_coverageSchema":"1a1c01bbd47fc00a2c39e90264f33305004495a9","hash":"d43578dc410816f65cb2bb797e38a0c5cb2b685f"}
,"C:\\Users\\Admin\\Desktop\\OneDrive\\CodeItems\\2_FullStack\\3_JavaScript\\javascript-course-pdfs\\11_Pratice\\Practice_Solution\\1_NUMBER\\NUMBER-06.js": {"path":"C:\\Users\\Admin\\Desktop\\OneDrive\\CodeItems\\2_FullStack\\3_JavaScript\\javascript-course-pdfs\\11_Pratice\\Practice_Solution\\1_NUMBER\\NUMBER-06.js","statementMap":{"0":{"start":{"line":2,"column":2},"end":{"line":2,"column":40}},"1":{"start":{"line":2,"column":27},"end":{"line":2,"column":40}},"2":{"start":{"line":3,"column":21},"end":{"line":3,"column":22}},"3":{"start":{"line":4,"column":2},"end":{"line":11,"column":3}},"4":{"start":{"line":4,"column":15},"end":{"line":4,"column":16}},"5":{"start":{"line":5,"column":4},"end":{"line":10,"column":5}},"6":{"start":{"line":6,"column":6},"end":{"line":6,"column":24}},"7":{"start":{"line":7,"column":6},"end":{"line":9,"column":7}},"8":{"start":{"line":8,"column":8},"end":{"line":8,"column":30}},"9":{"start":{"line":12,"column":2},"end":{"line":12,"column":28}}},"fnMap":{"0":{"name":"isPerfectNumberV1","decl":{"start":{"line":1,"column":16},"end":{"line":1,"column":33}},"loc":{"start":{"line":1,"column":37},"end":{"line":13,"column":1}},"line":1}},"branchMap":{"0":{"loc":{"start":{"line":2,"column":2},"end":{"line":2,"column":40}},"type":"if","locations":[{"start":{"line":2,"column":2},"end":{"line":2,"column":40}},{"start":{},"end":{}}],"line":2},"1":{"loc":{"start":{"line":2,"column":6},"end":{"line":2,"column":25}},"type":"binary-expr","locations":[{"start":{"line":2,"column":6},"end":{"line":2,"column":12}},{"start":{"line":2,"column":16},"end":{"line":2,"column":25}}],"line":2},"2":{"loc":{"start":{"line":5,"column":4},"end":{"line":10,"column":5}},"type":"if","locations":[{"start":{"line":5,"column":4},"end":{"line":10,"column":5}},{"start":{},"end":{}}],"line":5},"3":{"loc":{"start":{"line":7,"column":6},"end":{"line":9,"column":7}},"type":"if","locations":[{"start":{"line":7,"column":6},"end":{"line":9,"column":7}},{"start":{},"end":{}}],"line":7},"4":{"loc":{"start":{"line":7,"column":10},"end":{"line":7,"column":32}},"type":"binary-expr","locations":[{"start":{"line":7,"column":10},"end":{"line":7,"column":21}},{"start":{"line":7,"column":25},"end":{"line":7,"column":32}}],"line":7}},"s":{"0":11,"1":2,"2":9,"3":9,"4":9,"5":59,"6":25,"7":25,"8":14,"9":9},"f":{"0":11},"b":{"0":[2,9],"1":[11,10],"2":[25,34],"3":[14,11],"4":[25,23]},"_coverageSchema":"1a1c01bbd47fc00a2c39e90264f33305004495a9","hash":"83d27edb74713a7a7df756ce84f68b513b9aabf8"}
,"C:\\Users\\Admin\\Desktop\\OneDrive\\CodeItems\\2_FullStack\\3_JavaScript\\javascript-course-pdfs\\11_Pratice\\Practice_Solution\\1_NUMBER\\NUMBER-07.js": {"path":"C:\\Users\\Admin\\Desktop\\OneDrive\\CodeItems\\2_FullStack\\3_JavaScript\\javascript-course-pdfs\\11_Pratice\\Practice_Solution\\1_NUMBER\\NUMBER-07.js","statementMap":{"0":{"start":{"line":2,"column":2},"end":{"line":2,"column":43}},"1":{"start":{"line":2,"column":30},"end":{"line":2,"column":43}},"2":{"start":{"line":3,"column":2},"end":{"line":3,"column":26}},"3":{"start":{"line":3,"column":14},"end":{"line":3,"column":26}},"4":{"start":{"line":4,"column":16},"end":{"line":4,"column":38}},"5":{"start":{"line":5,"column":19},"end":{"line":5,"column":43}},"6":{"start":{"line":6,"column":18},"end":{"line":6,"column":52}},"7":{"start":{"line":7,"column":2},"end":{"line":7,"column":30}},"8":{"start":{"line":11,"column":2},"end":{"line":11,"column":43}},"9":{"start":{"line":11,"column":30},"end":{"line":11,"column":43}},"10":{"start":{"line":12,"column":2},"end":{"line":12,"column":26}},"11":{"start":{"line":12,"column":14},"end":{"line":12,"column":26}},"12":{"start":{"line":13,"column":16},"end":{"line":13,"column":17}},"13":{"start":{"line":14,"column":13},"end":{"line":14,"column":14}},"14":{"start":{"line":15,"column":2},"end":{"line":18,"column":3}},"15":{"start":{"line":16,"column":4},"end":{"line":16,"column":41}},"16":{"start":{"line":17,"column":4},"end":{"line":17,"column":33}},"17":{"start":{"line":19,"column":2},"end":{"line":19,"column":23}}},"fnMap":{"0":{"name":"isSymmetricNumberV1","decl":{"start":{"line":1,"column":16},"end":{"line":1,"column":35}},"loc":{"start":{"line":1,"column":39},"end":{"line":8,"column":1}},"line":1},"1":{"name":"isSymmetricNumberV2","decl":{"start":{"line":10,"column":16},"end":{"line":10,"column":35}},"loc":{"start":{"line":10,"column":39},"end":{"line":20,"column":1}},"line":10}},"branchMap":{"0":{"loc":{"start":{"line":2,"column":2},"end":{"line":2,"column":43}},"type":"if","locations":[{"start":{"line":2,"column":2},"end":{"line":2,"column":43}},{"start":{},"end":{}}],"line":2},"1":{"loc":{"start":{"line":2,"column":6},"end":{"line":2,"column":28}},"type":"binary-expr","locations":[{"start":{"line":2,"column":6},"end":{"line":2,"column":12}},{"start":{"line":2,"column":16},"end":{"line":2,"column":28}}],"line":2},"2":{"loc":{"start":{"line":3,"column":2},"end":{"line":3,"column":26}},"type":"if","locations":[{"start":{"line":3,"column":2},"end":{"line":3,"column":26}},{"start":{},"end":{}}],"line":3},"3":{"loc":{"start":{"line":11,"column":2},"end":{"line":11,"column":43}},"type":"if","locations":[{"start":{"line":11,"column":2},"end":{"line":11,"column":43}},{"start":{},"end":{}}],"line":11},"4":{"loc":{"start":{"line":11,"column":6},"end":{"line":11,"column":28}},"type":"binary-expr","locations":[{"start":{"line":11,"column":6},"end":{"line":11,"column":12}},{"start":{"line":11,"column":16},"end":{"line":11,"column":28}}],"line":11},"5":{"loc":{"start":{"line":12,"column":2},"end":{"line":12,"column":26}},"type":"if","locations":[{"start":{"line":12,"column":2},"end":{"line":12,"column":26}},{"start":{},"end":{}}],"line":12}},"s":{"0":19,"1":2,"2":17,"3":8,"4":9,"5":9,"6":9,"7":9,"8":19,"9":2,"10":17,"11":8,"12":9,"13":9,"14":9,"15":30,"16":30,"17":9},"f":{"0":19,"1":19},"b":{"0":[2,17],"1":[19,18],"2":[8,9],"3":[2,17],"4":[19,18],"5":[8,9]},"_coverageSchema":"1a1c01bbd47fc00a2c39e90264f33305004495a9","hash":"715799b0c29da1a7eb14f9c73dc15d0623051571"}
,"C:\\Users\\Admin\\Desktop\\OneDrive\\CodeItems\\2_FullStack\\3_JavaScript\\javascript-course-pdfs\\11_Pratice\\Practice_Solution\\1_NUMBER\\NUMBER-08.js": {"path":"C:\\Users\\Admin\\Desktop\\OneDrive\\CodeItems\\2_FullStack\\3_JavaScript\\javascript-course-pdfs\\11_Pratice\\Practice_Solution\\1_NUMBER\\NUMBER-08.js","statementMap":{"0":{"start":{"line":2,"column":2},"end":{"line":2,"column":43}},"1":{"start":{"line":2,"column":30},"end":{"line":2,"column":43}},"2":{"start":{"line":3,"column":20},"end":{"line":3,"column":21}},"3":{"start":{"line":4,"column":2},"end":{"line":7,"column":3}},"4":{"start":{"line":5,"column":4},"end":{"line":5,"column":26}},"5":{"start":{"line":6,"column":4},"end":{"line":6,"column":27}},"6":{"start":{"line":8,"column":2},"end":{"line":8,"column":27}},"7":{"start":{"line":9,"column":2},"end":{"line":9,"column":32}},"8":{"start":{"line":13,"column":2},"end":{"line":13,"column":43}},"9":{"start":{"line":13,"column":30},"end":{"line":13,"column":43}},"10":{"start":{"line":14,"column":20},"end":{"line":14,"column":21}},"11":{"start":{"line":15,"column":16},"end":{"line":15,"column":38}},"12":{"start":{"line":16,"column":2},"end":{"line":18,"column":3}},"13":{"start":{"line":16,"column":15},"end":{"line":16,"column":16}},"14":{"start":{"line":17,"column":4},"end":{"line":17,"column":38}},"15":{"start":{"line":19,"column":2},"end":{"line":19,"column":32}}},"fnMap":{"0":{"name":"isDivisibleBy10V1","decl":{"start":{"line":1,"column":16},"end":{"line":1,"column":33}},"loc":{"start":{"line":1,"column":37},"end":{"line":10,"column":1}},"line":1},"1":{"name":"isDivisibleBy10V2","decl":{"start":{"line":12,"column":16},"end":{"line":12,"column":33}},"loc":{"start":{"line":12,"column":37},"end":{"line":20,"column":1}},"line":12}},"branchMap":{"0":{"loc":{"start":{"line":2,"column":2},"end":{"line":2,"column":43}},"type":"if","locations":[{"start":{"line":2,"column":2},"end":{"line":2,"column":43}},{"start":{},"end":{}}],"line":2},"1":{"loc":{"start":{"line":2,"column":6},"end":{"line":2,"column":28}},"type":"binary-expr","locations":[{"start":{"line":2,"column":6},"end":{"line":2,"column":12}},{"start":{"line":2,"column":16},"end":{"line":2,"column":28}}],"line":2},"2":{"loc":{"start":{"line":13,"column":2},"end":{"line":13,"column":43}},"type":"if","locations":[{"start":{"line":13,"column":2},"end":{"line":13,"column":43}},{"start":{},"end":{}}],"line":13},"3":{"loc":{"start":{"line":13,"column":6},"end":{"line":13,"column":28}},"type":"binary-expr","locations":[{"start":{"line":13,"column":6},"end":{"line":13,"column":12}},{"start":{"line":13,"column":16},"end":{"line":13,"column":28}}],"line":13}},"s":{"0":7,"1":2,"2":5,"3":5,"4":17,"5":17,"6":5,"7":5,"8":7,"9":2,"10":5,"11":5,"12":5,"13":5,"14":17,"15":5},"f":{"0":7,"1":7},"b":{"0":[2,5],"1":[7,6],"2":[2,5],"3":[7,6]},"_coverageSchema":"1a1c01bbd47fc00a2c39e90264f33305004495a9","hash":"22528dc3f2c734331851607ef6411ac87b3fa233"}
}
