TN:
SF:javascript-course-pdfs\11_Pratice\Practice_Solution\1_NUMBER\NUMBER-01.js
FN:1,isIncreasingNumberV1
FN:10,isIncreasingNumberV2
FNF:2
FNH:2
FNDA:15,isIncreasingNumberV1
FNDA:15,isIncreasingNumberV2
DA:2,15
DA:3,4
DA:4,4
DA:5,7
DA:7,1
DA:11,15
DA:12,4
DA:13,8
DA:14,8
DA:15,8
DA:17,1
LF:11
LH:11
BRDA:2,0,0,11
BRDA:2,0,1,4
BRDA:2,1,0,15
BRDA:2,1,1,5
BRDA:5,2,0,3
BRDA:5,2,1,4
BRDA:11,3,0,11
BRDA:11,3,1,4
BRDA:11,4,0,15
BRDA:11,4,1,5
BRDA:15,5,0,3
BRDA:15,5,1,5
BRF:12
BRH:12
end_of_record
TN:
SF:javascript-course-pdfs\11_Pratice\Practice_Solution\1_NUMBER\NUMBER-02.js
FN:1,isDecreasingNumberV1
FN:10,isDecreasingNumberV2
FNF:2
FNH:2
FNDA:15,isDecreasingNumberV1
FNDA:16,isDecreasingNumberV2
DA:2,15
DA:3,4
DA:4,4
DA:5,10
DA:7,1
DA:11,16
DA:12,5
DA:13,13
DA:14,13
DA:15,13
DA:17,2
LF:11
LH:11
BRDA:2,0,0,11
BRDA:2,0,1,4
BRDA:2,1,0,15
BRDA:2,1,1,5
BRDA:5,2,0,3
BRDA:5,2,1,7
BRDA:11,3,0,11
BRDA:11,3,1,5
BRDA:11,4,0,16
BRDA:11,4,1,6
BRDA:15,5,0,3
BRDA:15,5,1,10
BRF:12
BRH:12
end_of_record
TN:
SF:javascript-course-pdfs\11_Pratice\Practice_Solution\1_NUMBER\NUMBER-03.js
FN:1,isIncreasingNumberByDistanceV1
FN:10,isIncreasingNumberByDistanceV2
FNF:2
FNH:2
FNDA:17,isIncreasingNumberByDistanceV1
FNDA:17,isIncreasingNumberByDistanceV2
DA:2,17
DA:3,4
DA:4,4
DA:5,9
DA:7,1
DA:11,17
DA:12,4
DA:13,7
DA:14,7
DA:15,7
DA:17,1
LF:11
LH:11
BRDA:2,0,0,13
BRDA:2,0,1,4
BRDA:2,1,0,17
BRDA:2,1,1,7
BRDA:2,1,2,6
BRDA:2,1,3,5
BRDA:5,2,0,3
BRDA:5,2,1,6
BRDA:11,3,0,13
BRDA:11,3,1,4
BRDA:11,4,0,17
BRDA:11,4,1,7
BRDA:11,4,2,6
BRDA:11,4,3,5
BRDA:15,5,0,3
BRDA:15,5,1,4
BRF:16
BRH:16
end_of_record
TN:
SF:javascript-course-pdfs\11_Pratice\Practice_Solution\1_NUMBER\NUMBER-04.js
FN:1,isPrimeV1
FN:10,isPrimeV2
FNF:2
FNH:2
FNDA:7,isPrimeV1
FNDA:12,isPrimeV2
DA:2,7
DA:3,5
DA:4,4
DA:5,8
DA:7,2
DA:11,12
DA:12,10
DA:13,7
DA:14,3
DA:15,3
DA:16,2
DA:17,2
DA:19,3
LF:13
LH:13
BRDA:2,0,0,2
BRDA:2,0,1,5
BRDA:2,1,0,7
BRDA:2,1,1,6
BRDA:3,2,0,1
BRDA:3,2,1,4
BRDA:5,3,0,2
BRDA:5,3,1,6
BRDA:11,4,0,2
BRDA:11,4,1,10
BRDA:11,5,0,12
BRDA:11,5,1,11
BRDA:12,6,0,3
BRDA:12,6,1,7
BRDA:13,7,0,4
BRDA:13,7,1,3
BRDA:13,8,0,7
BRDA:13,8,1,4
BRDA:16,9,0,0
BRDA:16,9,1,2
BRDA:16,10,0,2
BRDA:16,10,1,2
BRF:22
BRH:21
end_of_record
TN:
SF:javascript-course-pdfs\11_Pratice\Practice_Solution\1_NUMBER\NUMBER-05.js
FN:1,isPerfectSquareV1
FNF:1
FNH:1
FNDA:12,isPerfectSquareV1
DA:2,12
DA:3,9
LF:2
LH:2
BRDA:2,0,0,3
BRDA:2,0,1,9
BRDA:2,1,0,12
BRDA:2,1,1,10
BRF:4
BRH:4
end_of_record
TN:
SF:javascript-course-pdfs\11_Pratice\Practice_Solution\1_NUMBER\NUMBER-06.js
FN:1,isPerfectNumberV1
FNF:1
FNH:1
FNDA:11,isPerfectNumberV1
DA:2,11
DA:3,9
DA:4,9
DA:5,59
DA:6,25
DA:7,25
DA:8,14
DA:12,9
LF:8
LH:8
BRDA:2,0,0,2
BRDA:2,0,1,9
BRDA:2,1,0,11
BRDA:2,1,1,10
BRDA:5,2,0,25
BRDA:5,2,1,34
BRDA:7,3,0,14
BRDA:7,3,1,11
BRDA:7,4,0,25
BRDA:7,4,1,23
BRF:10
BRH:10
end_of_record
TN:
SF:javascript-course-pdfs\11_Pratice\Practice_Solution\1_NUMBER\NUMBER-07.js
FN:1,isSymmetricNumberV1
FN:10,isSymmetricNumberV2
FNF:2
FNH:2
FNDA:19,isSymmetricNumberV1
FNDA:19,isSymmetricNumberV2
DA:2,19
DA:3,17
DA:4,9
DA:5,9
DA:6,9
DA:7,9
DA:11,19
DA:12,17
DA:13,9
DA:14,9
DA:15,9
DA:16,30
DA:17,30
DA:19,9
LF:14
LH:14
BRDA:2,0,0,2
BRDA:2,0,1,17
BRDA:2,1,0,19
BRDA:2,1,1,18
BRDA:3,2,0,8
BRDA:3,2,1,9
BRDA:11,3,0,2
BRDA:11,3,1,17
BRDA:11,4,0,19
BRDA:11,4,1,18
BRDA:12,5,0,8
BRDA:12,5,1,9
BRF:12
BRH:12
end_of_record
TN:
SF:javascript-course-pdfs\11_Pratice\Practice_Solution\1_NUMBER\NUMBER-08.js
FN:1,isDivisibleBy10V1
FN:12,isDivisibleBy10V2
FNF:2
FNH:2
FNDA:7,isDivisibleBy10V1
FNDA:7,isDivisibleBy10V2
DA:2,7
DA:3,5
DA:4,5
DA:5,17
DA:6,17
DA:8,5
DA:9,5
DA:13,7
DA:14,5
DA:15,5
DA:16,5
DA:17,17
DA:19,5
LF:13
LH:13
BRDA:2,0,0,2
BRDA:2,0,1,5
BRDA:2,1,0,7
BRDA:2,1,1,6
BRDA:13,2,0,2
BRDA:13,2,1,5
BRDA:13,3,0,7
BRDA:13,3,1,6
BRF:8
BRH:8
end_of_record
